<?xml version="1.0" encoding="UTF-8"?>
<coverage generated="1689444549670" clover="3.2.0">
  <project timestamp="1689444549670" name="All files">
    <metrics statements="34" coveredstatements="27" conditionals="4" coveredconditionals="0" methods="21" coveredmethods="14" elements="59" coveredelements="41" complexity="0" loc="34" ncloc="34" packages="1" files="4" classes="4"/>
    <file name="App.js" path="C:\Users\xeras\OneDrive\Bureau\eip\mobile-navigation-layers\mobile-layers\App.js">
      <metrics statements="0" coveredstatements="0" conditionals="0" coveredconditionals="0" methods="0" coveredmethods="0"/>
    </file>
    <file name="AppReactNativePaper.js" path="C:\Users\xeras\OneDrive\Bureau\eip\mobile-navigation-layers\mobile-layers\AppReactNativePaper.js">
      <metrics statements="15" coveredstatements="8" conditionals="4" coveredconditionals="0" methods="8" coveredmethods="1"/>
      <line num="6" count="1" type="stmt"/>
      <line num="7" count="0" type="stmt"/>
      <line num="17" count="0" type="stmt"/>
      <line num="22" count="1" type="stmt"/>
      <line num="23" count="0" type="stmt"/>
      <line num="33" count="0" type="stmt"/>
      <line num="38" count="1" type="stmt"/>
      <line num="39" count="0" type="stmt"/>
      <line num="49" count="0" type="stmt"/>
      <line num="55" count="1" type="stmt"/>
      <line num="56" count="1" type="stmt"/>
      <line num="62" count="1" type="stmt"/>
      <line num="68" count="1" type="stmt"/>
      <line num="80" count="0" type="stmt"/>
      <line num="95" count="1" type="stmt"/>
    </file>
    <file name="AppReactNativeTabs.js" path="C:\Users\xeras\OneDrive\Bureau\eip\mobile-navigation-layers\mobile-layers\AppReactNativeTabs.js">
      <metrics statements="4" coveredstatements="4" conditionals="0" coveredconditionals="0" methods="3" coveredmethods="3"/>
      <line num="7" count="3" type="stmt"/>
      <line num="15" count="1" type="stmt"/>
      <line num="22" count="1" type="stmt"/>
      <line num="25" count="3" type="stmt"/>
    </file>
    <file name="AppReactNavigation.js" path="C:\Users\xeras\OneDrive\Bureau\eip\mobile-navigation-layers\mobile-layers\AppReactNavigation.js">
      <metrics statements="15" coveredstatements="15" conditionals="0" coveredconditionals="0" methods="10" coveredmethods="10"/>
      <line num="6" count="1" type="stmt"/>
      <line num="8" count="1" type="stmt"/>
      <line num="9" count="7" type="stmt"/>
      <line num="23" count="21" type="stmt"/>
      <line num="28" count="1" type="stmt"/>
      <line num="29" count="2" type="stmt"/>
      <line num="43" count="6" type="stmt"/>
      <line num="48" count="1" type="stmt"/>
      <line num="49" count="2" type="stmt"/>
      <line num="63" count="6" type="stmt"/>
      <line num="69" count="7" type="stmt"/>
      <line num="84" count="22" type="stmt"/>
      <line num="93" count="22" type="stmt"/>
      <line num="102" count="22" type="stmt"/>
      <line num="112" count="1" type="stmt"/>
    </file>
  </project>
</coverage>
