<?xml version="1.0" encoding="UTF-8"?>
<coverage generated="1689275993442" clover="3.2.0">
  <project timestamp="1689275993442" name="All files">
    <metrics statements="49" coveredstatements="13" conditionals="4" coveredconditionals="0" methods="29" coveredmethods="8" elements="82" coveredelements="21" complexity="0" loc="49" ncloc="49" packages="1" files="5" classes="5"/>
    <file name="App.js" path="C:\Users\xeras\OneDrive\Bureau\eip\mobile-navigation-layers\mobile-layers\App.js">
      <metrics statements="0" coveredstatements="0" conditionals="0" coveredconditionals="0" methods="0" coveredmethods="0"/>
    </file>
    <file name="AppReactNativeBottomNav.js" path="C:\Users\xeras\OneDrive\Bureau\eip\mobile-navigation-layers\mobile-layers\AppReactNativeBottomNav.js">
      <metrics statements="15" coveredstatements="0" conditionals="0" coveredconditionals="0" methods="8" coveredmethods="0"/>
      <line num="5" count="0" type="stmt"/>
      <line num="6" count="0" type="stmt"/>
      <line num="15" count="0" type="stmt"/>
      <line num="20" count="0" type="stmt"/>
      <line num="21" count="0" type="stmt"/>
      <line num="30" count="0" type="stmt"/>
      <line num="35" count="0" type="stmt"/>
      <line num="36" count="0" type="stmt"/>
      <line num="45" count="0" type="stmt"/>
      <line num="51" count="0" type="stmt"/>
      <line num="69" count="0" type="stmt"/>
      <line num="70" count="0" type="stmt"/>
      <line num="71" count="0" type="stmt"/>
      <line num="75" count="0" type="stmt"/>
      <line num="90" count="0" type="stmt"/>
    </file>
    <file name="AppReactNativePaper.js" path="C:\Users\xeras\OneDrive\Bureau\eip\mobile-navigation-layers\mobile-layers\AppReactNativePaper.js">
      <metrics statements="15" coveredstatements="0" conditionals="4" coveredconditionals="0" methods="8" coveredmethods="0"/>
      <line num="6" count="0" type="stmt"/>
      <line num="7" count="0" type="stmt"/>
      <line num="16" count="0" type="stmt"/>
      <line num="21" count="0" type="stmt"/>
      <line num="22" count="0" type="stmt"/>
      <line num="31" count="0" type="stmt"/>
      <line num="36" count="0" type="stmt"/>
      <line num="37" count="0" type="stmt"/>
      <line num="46" count="0" type="stmt"/>
      <line num="52" count="0" type="stmt"/>
      <line num="53" count="0" type="stmt"/>
      <line num="59" count="0" type="stmt"/>
      <line num="65" count="0" type="stmt"/>
      <line num="77" count="0" type="stmt"/>
      <line num="92" count="0" type="stmt"/>
    </file>
    <file name="AppReactNativeTabs.js" path="C:\Users\xeras\OneDrive\Bureau\eip\mobile-navigation-layers\mobile-layers\AppReactNativeTabs.js">
      <metrics statements="4" coveredstatements="0" conditionals="0" coveredconditionals="0" methods="3" coveredmethods="0"/>
      <line num="7" count="0" type="stmt"/>
      <line num="15" count="0" type="stmt"/>
      <line num="22" count="0" type="stmt"/>
      <line num="25" count="0" type="stmt"/>
    </file>
    <file name="AppReactNavigation.js" path="C:\Users\xeras\OneDrive\Bureau\eip\mobile-navigation-layers\mobile-layers\AppReactNavigation.js">
      <metrics statements="15" coveredstatements="13" conditionals="0" coveredconditionals="0" methods="10" coveredmethods="8"/>
      <line num="6" count="1" type="stmt"/>
      <line num="8" count="1" type="stmt"/>
      <line num="9" count="5" type="stmt"/>
      <line num="18" count="15" type="stmt"/>
      <line num="23" count="1" type="stmt"/>
      <line num="24" count="1" type="stmt"/>
      <line num="37" count="3" type="stmt"/>
      <line num="42" count="1" type="stmt"/>
      <line num="43" count="0" type="stmt"/>
      <line num="52" count="0" type="stmt"/>
      <line num="58" count="5" type="stmt"/>
      <line num="73" count="12" type="stmt"/>
      <line num="82" count="12" type="stmt"/>
      <line num="91" count="12" type="stmt"/>
      <line num="101" count="1" type="stmt"/>
    </file>
  </project>
</coverage>
