{"C:\\Users\\xeras\\OneDrive\\Bureau\\eip\\mobile-navigation-layers\\mobile-layers\\App.js": {"path":"C:\\Users\\xeras\\OneDrive\\Bureau\\eip\\mobile-navigation-layers\\mobile-layers\\App.js","statementMap":{},"fnMap":{},"branchMap":{},"s":{},"f":{},"b":{}}
,"C:\\Users\\xeras\\OneDrive\\Bureau\\eip\\mobile-navigation-layers\\mobile-layers\\AppReactNativeBottomNav.js": {"path":"C:\\Users\\xeras\\OneDrive\\Bureau\\eip\\mobile-navigation-layers\\mobile-layers\\AppReactNativeBottomNav.js","statementMap":{"0":{"start":{"line":5,"column":19},"end":{"line":18,"column":1}},"1":{"start":{"line":6,"column":2},"end":{"line":17,"column":9}},"2":{"start":{"line":15,"column":32},"end":{"line":15,"column":56}},"3":{"start":{"line":20,"column":22},"end":{"line":33,"column":1}},"4":{"start":{"line":21,"column":2},"end":{"line":32,"column":9}},"5":{"start":{"line":30,"column":32},"end":{"line":30,"column":57}},"6":{"start":{"line":35,"column":23},"end":{"line":48,"column":1}},"7":{"start":{"line":36,"column":2},"end":{"line":47,"column":9}},"8":{"start":{"line":45,"column":32},"end":{"line":45,"column":60}},"9":{"start":{"line":51,"column":15},"end":{"line":67,"column":3}},"10":{"start":{"line":69,"column":25},"end":{"line":72,"column":3}},"11":{"start":{"line":70,"column":4},"end":{"line":70,"column":50}},"12":{"start":{"line":71,"column":4},"end":{"line":71,"column":30}},"13":{"start":{"line":75,"column":2},"end":{"line":87,"column":4}},"14":{"start":{"line":90,"column":15},"end":{"line":128,"column":2}}},"fnMap":{"0":{"name":"(anonymous_0)","decl":{"start":{"line":5,"column":19},"end":{"line":5,"column":20}},"loc":{"start":{"line":6,"column":2},"end":{"line":17,"column":9}},"line":6},"1":{"name":"(anonymous_1)","decl":{"start":{"line":15,"column":18},"end":{"line":15,"column":19}},"loc":{"start":{"line":15,"column":32},"end":{"line":15,"column":56}},"line":15},"2":{"name":"(anonymous_2)","decl":{"start":{"line":20,"column":22},"end":{"line":20,"column":23}},"loc":{"start":{"line":21,"column":2},"end":{"line":32,"column":9}},"line":21},"3":{"name":"(anonymous_3)","decl":{"start":{"line":30,"column":18},"end":{"line":30,"column":19}},"loc":{"start":{"line":30,"column":32},"end":{"line":30,"column":57}},"line":30},"4":{"name":"(anonymous_4)","decl":{"start":{"line":35,"column":23},"end":{"line":35,"column":24}},"loc":{"start":{"line":36,"column":2},"end":{"line":47,"column":9}},"line":36},"5":{"name":"(anonymous_5)","decl":{"start":{"line":45,"column":18},"end":{"line":45,"column":19}},"loc":{"start":{"line":45,"column":32},"end":{"line":45,"column":60}},"line":45},"6":{"name":"AppReactNativeBottomNav","decl":{"start":{"line":50,"column":24},"end":{"line":50,"column":47}},"loc":{"start":{"line":50,"column":50},"end":{"line":88,"column":1}},"line":50},"7":{"name":"(anonymous_7)","decl":{"start":{"line":69,"column":25},"end":{"line":69,"column":26}},"loc":{"start":{"line":69,"column":42},"end":{"line":72,"column":3}},"line":69}},"branchMap":{},"s":{"0":0,"1":0,"2":0,"3":0,"4":0,"5":0,"6":0,"7":0,"8":0,"9":0,"10":0,"11":0,"12":0,"13":0,"14":0},"f":{"0":0,"1":0,"2":0,"3":0,"4":0,"5":0,"6":0,"7":0},"b":{}}
,"C:\\Users\\xeras\\OneDrive\\Bureau\\eip\\mobile-navigation-layers\\mobile-layers\\AppReactNativePaper.js": {"path":"C:\\Users\\xeras\\OneDrive\\Bureau\\eip\\mobile-navigation-layers\\mobile-layers\\AppReactNativePaper.js","statementMap":{"0":{"start":{"line":6,"column":19},"end":{"line":19,"column":1}},"1":{"start":{"line":7,"column":2},"end":{"line":18,"column":9}},"2":{"start":{"line":16,"column":32},"end":{"line":16,"column":56}},"3":{"start":{"line":21,"column":22},"end":{"line":34,"column":1}},"4":{"start":{"line":22,"column":2},"end":{"line":33,"column":9}},"5":{"start":{"line":31,"column":32},"end":{"line":31,"column":57}},"6":{"start":{"line":36,"column":23},"end":{"line":49,"column":1}},"7":{"start":{"line":37,"column":2},"end":{"line":48,"column":9}},"8":{"start":{"line":46,"column":32},"end":{"line":46,"column":60}},"9":{"start":{"line":52,"column":28},"end":{"line":52,"column":45}},"10":{"start":{"line":53,"column":19},"end":{"line":57,"column":4}},"11":{"start":{"line":59,"column":22},"end":{"line":63,"column":4}},"12":{"start":{"line":65,"column":2},"end":{"line":89,"column":4}},"13":{"start":{"line":77,"column":12},"end":{"line":84,"column":14}},"14":{"start":{"line":92,"column":15},"end":{"line":135,"column":2}}},"fnMap":{"0":{"name":"(anonymous_0)","decl":{"start":{"line":6,"column":19},"end":{"line":6,"column":20}},"loc":{"start":{"line":7,"column":2},"end":{"line":18,"column":9}},"line":7},"1":{"name":"(anonymous_1)","decl":{"start":{"line":16,"column":18},"end":{"line":16,"column":19}},"loc":{"start":{"line":16,"column":32},"end":{"line":16,"column":56}},"line":16},"2":{"name":"(anonymous_2)","decl":{"start":{"line":21,"column":22},"end":{"line":21,"column":23}},"loc":{"start":{"line":22,"column":2},"end":{"line":33,"column":9}},"line":22},"3":{"name":"(anonymous_3)","decl":{"start":{"line":31,"column":18},"end":{"line":31,"column":19}},"loc":{"start":{"line":31,"column":32},"end":{"line":31,"column":57}},"line":31},"4":{"name":"(anonymous_4)","decl":{"start":{"line":36,"column":23},"end":{"line":36,"column":24}},"loc":{"start":{"line":37,"column":2},"end":{"line":48,"column":9}},"line":37},"5":{"name":"(anonymous_5)","decl":{"start":{"line":46,"column":18},"end":{"line":46,"column":19}},"loc":{"start":{"line":46,"column":32},"end":{"line":46,"column":60}},"line":46},"6":{"name":"AppReactNativePaper","decl":{"start":{"line":51,"column":24},"end":{"line":51,"column":43}},"loc":{"start":{"line":51,"column":46},"end":{"line":90,"column":1}},"line":51},"7":{"name":"(anonymous_7)","decl":{"start":{"line":76,"column":22},"end":{"line":76,"column":23}},"loc":{"start":{"line":77,"column":12},"end":{"line":84,"column":14}},"line":77}},"branchMap":{"0":{"loc":{"start":{"line":79,"column":16},"end":{"line":81,"column":61}},"type":"cond-expr","locations":[{"start":{"line":79,"column":39},"end":{"line":79,"column":74}},{"start":{"line":80,"column":20},"end":{"line":81,"column":61}}],"line":79},"1":{"loc":{"start":{"line":80,"column":20},"end":{"line":81,"column":61}},"type":"cond-expr","locations":[{"start":{"line":80,"column":46},"end":{"line":80,"column":84}},{"start":{"line":81,"column":22},"end":{"line":81,"column":61}}],"line":80}},"s":{"0":0,"1":0,"2":0,"3":0,"4":0,"5":0,"6":0,"7":0,"8":0,"9":0,"10":0,"11":0,"12":0,"13":0,"14":0},"f":{"0":0,"1":0,"2":0,"3":0,"4":0,"5":0,"6":0,"7":0},"b":{"0":[0,0],"1":[0,0]}}
,"C:\\Users\\xeras\\OneDrive\\Bureau\\eip\\mobile-navigation-layers\\mobile-layers\\AppReactNativeTabs.js": {"path":"C:\\Users\\xeras\\OneDrive\\Bureau\\eip\\mobile-navigation-layers\\mobile-layers\\AppReactNativeTabs.js","statementMap":{"0":{"start":{"line":7,"column":2},"end":{"line":11,"column":4}},"1":{"start":{"line":15,"column":2},"end":{"line":19,"column":4}},"2":{"start":{"line":22,"column":12},"end":{"line":22,"column":38}},"3":{"start":{"line":25,"column":2},"end":{"line":37,"column":4}}},"fnMap":{"0":{"name":"HomeScreen","decl":{"start":{"line":6,"column":9},"end":{"line":6,"column":19}},"loc":{"start":{"line":6,"column":22},"end":{"line":12,"column":1}},"line":6},"1":{"name":"SettingsScreen","decl":{"start":{"line":14,"column":9},"end":{"line":14,"column":23}},"loc":{"start":{"line":14,"column":26},"end":{"line":20,"column":1}},"line":14},"2":{"name":"AppReactNativeTabs","decl":{"start":{"line":24,"column":24},"end":{"line":24,"column":42}},"loc":{"start":{"line":24,"column":45},"end":{"line":38,"column":1}},"line":24}},"branchMap":{},"s":{"0":0,"1":0,"2":0,"3":0},"f":{"0":0,"1":0,"2":0},"b":{}}
,"C:\\Users\\xeras\\OneDrive\\Bureau\\eip\\mobile-navigation-layers\\mobile-layers\\AppReactNavigation.js": {"path":"C:\\Users\\xeras\\OneDrive\\Bureau\\eip\\mobile-navigation-layers\\mobile-layers\\AppReactNavigation.js","statementMap":{"0":{"start":{"line":6,"column":12},"end":{"line":6,"column":38}},"1":{"start":{"line":8,"column":19},"end":{"line":21,"column":1}},"2":{"start":{"line":9,"column":2},"end":{"line":20,"column":9}},"3":{"start":{"line":18,"column":32},"end":{"line":18,"column":56}},"4":{"start":{"line":23,"column":22},"end":{"line":40,"column":1}},"5":{"start":{"line":24,"column":2},"end":{"line":39,"column":9}},"6":{"start":{"line":37,"column":32},"end":{"line":37,"column":57}},"7":{"start":{"line":42,"column":23},"end":{"line":55,"column":1}},"8":{"start":{"line":43,"column":2},"end":{"line":54,"column":9}},"9":{"start":{"line":52,"column":32},"end":{"line":52,"column":60}},"10":{"start":{"line":58,"column":2},"end":{"line":98,"column":4}},"11":{"start":{"line":73,"column":16},"end":{"line":73,"column":117}},"12":{"start":{"line":82,"column":16},"end":{"line":82,"column":120}},"13":{"start":{"line":91,"column":16},"end":{"line":91,"column":121}},"14":{"start":{"line":101,"column":15},"end":{"line":151,"column":2}}},"fnMap":{"0":{"name":"(anonymous_0)","decl":{"start":{"line":8,"column":19},"end":{"line":8,"column":20}},"loc":{"start":{"line":9,"column":2},"end":{"line":20,"column":9}},"line":9},"1":{"name":"(anonymous_1)","decl":{"start":{"line":18,"column":18},"end":{"line":18,"column":19}},"loc":{"start":{"line":18,"column":32},"end":{"line":18,"column":56}},"line":18},"2":{"name":"(anonymous_2)","decl":{"start":{"line":23,"column":22},"end":{"line":23,"column":23}},"loc":{"start":{"line":24,"column":2},"end":{"line":39,"column":9}},"line":24},"3":{"name":"(anonymous_3)","decl":{"start":{"line":37,"column":18},"end":{"line":37,"column":19}},"loc":{"start":{"line":37,"column":32},"end":{"line":37,"column":57}},"line":37},"4":{"name":"(anonymous_4)","decl":{"start":{"line":42,"column":23},"end":{"line":42,"column":24}},"loc":{"start":{"line":43,"column":2},"end":{"line":54,"column":9}},"line":43},"5":{"name":"(anonymous_5)","decl":{"start":{"line":52,"column":18},"end":{"line":52,"column":19}},"loc":{"start":{"line":52,"column":32},"end":{"line":52,"column":60}},"line":52},"6":{"name":"AppReactNavigation","decl":{"start":{"line":57,"column":24},"end":{"line":57,"column":42}},"loc":{"start":{"line":57,"column":45},"end":{"line":99,"column":1}},"line":57},"7":{"name":"(anonymous_7)","decl":{"start":{"line":72,"column":26},"end":{"line":72,"column":27}},"loc":{"start":{"line":73,"column":16},"end":{"line":73,"column":117}},"line":73},"8":{"name":"(anonymous_8)","decl":{"start":{"line":81,"column":26},"end":{"line":81,"column":27}},"loc":{"start":{"line":82,"column":16},"end":{"line":82,"column":120}},"line":82},"9":{"name":"(anonymous_9)","decl":{"start":{"line":90,"column":26},"end":{"line":90,"column":27}},"loc":{"start":{"line":91,"column":16},"end":{"line":91,"column":121}},"line":91}},"branchMap":{},"s":{"0":1,"1":1,"2":5,"3":15,"4":1,"5":1,"6":3,"7":1,"8":0,"9":0,"10":5,"11":12,"12":12,"13":12,"14":1},"f":{"0":5,"1":15,"2":1,"3":3,"4":0,"5":0,"6":5,"7":12,"8":12,"9":12},"b":{},"_coverageSchema":"1a1c01bbd47fc00a2c39e90264f33305004495a9","hash":"0aae59e73aefdb1f5998eb63a4538e26564d1d26"}
}
