{"C:\\Users\\xeras\\OneDrive\\Bureau\\eip\\mobile-navigation-layers\\mobile-layers\\App.js": {"path":"C:\\Users\\xeras\\OneDrive\\Bureau\\eip\\mobile-navigation-layers\\mobile-layers\\App.js","statementMap":{},"fnMap":{},"branchMap":{},"s":{},"f":{},"b":{}}
,"C:\\Users\\xeras\\OneDrive\\Bureau\\eip\\mobile-navigation-layers\\mobile-layers\\AppReactNativePaper.js": {"path":"C:\\Users\\xeras\\OneDrive\\Bureau\\eip\\mobile-navigation-layers\\mobile-layers\\AppReactNativePaper.js","statementMap":{"0":{"start":{"line":6,"column":19},"end":{"line":20,"column":1}},"1":{"start":{"line":7,"column":2},"end":{"line":19,"column":9}},"2":{"start":{"line":17,"column":32},"end":{"line":17,"column":56}},"3":{"start":{"line":22,"column":22},"end":{"line":36,"column":1}},"4":{"start":{"line":23,"column":2},"end":{"line":35,"column":9}},"5":{"start":{"line":33,"column":32},"end":{"line":33,"column":57}},"6":{"start":{"line":38,"column":23},"end":{"line":52,"column":1}},"7":{"start":{"line":39,"column":2},"end":{"line":51,"column":9}},"8":{"start":{"line":49,"column":32},"end":{"line":49,"column":60}},"9":{"start":{"line":55,"column":28},"end":{"line":55,"column":45}},"10":{"start":{"line":56,"column":19},"end":{"line":60,"column":4}},"11":{"start":{"line":62,"column":22},"end":{"line":66,"column":4}},"12":{"start":{"line":68,"column":2},"end":{"line":92,"column":4}},"13":{"start":{"line":80,"column":12},"end":{"line":87,"column":14}},"14":{"start":{"line":95,"column":15},"end":{"line":138,"column":2}}},"fnMap":{"0":{"name":"(anonymous_0)","decl":{"start":{"line":6,"column":19},"end":{"line":6,"column":20}},"loc":{"start":{"line":7,"column":2},"end":{"line":19,"column":9}},"line":7},"1":{"name":"(anonymous_1)","decl":{"start":{"line":17,"column":18},"end":{"line":17,"column":19}},"loc":{"start":{"line":17,"column":32},"end":{"line":17,"column":56}},"line":17},"2":{"name":"(anonymous_2)","decl":{"start":{"line":22,"column":22},"end":{"line":22,"column":23}},"loc":{"start":{"line":23,"column":2},"end":{"line":35,"column":9}},"line":23},"3":{"name":"(anonymous_3)","decl":{"start":{"line":33,"column":18},"end":{"line":33,"column":19}},"loc":{"start":{"line":33,"column":32},"end":{"line":33,"column":57}},"line":33},"4":{"name":"(anonymous_4)","decl":{"start":{"line":38,"column":23},"end":{"line":38,"column":24}},"loc":{"start":{"line":39,"column":2},"end":{"line":51,"column":9}},"line":39},"5":{"name":"(anonymous_5)","decl":{"start":{"line":49,"column":18},"end":{"line":49,"column":19}},"loc":{"start":{"line":49,"column":32},"end":{"line":49,"column":60}},"line":49},"6":{"name":"AppReactNativePaper","decl":{"start":{"line":54,"column":24},"end":{"line":54,"column":43}},"loc":{"start":{"line":54,"column":46},"end":{"line":93,"column":1}},"line":54},"7":{"name":"(anonymous_7)","decl":{"start":{"line":79,"column":22},"end":{"line":79,"column":23}},"loc":{"start":{"line":80,"column":12},"end":{"line":87,"column":14}},"line":80}},"branchMap":{"0":{"loc":{"start":{"line":82,"column":16},"end":{"line":84,"column":61}},"type":"cond-expr","locations":[{"start":{"line":82,"column":39},"end":{"line":82,"column":74}},{"start":{"line":83,"column":20},"end":{"line":84,"column":61}}],"line":82},"1":{"loc":{"start":{"line":83,"column":20},"end":{"line":84,"column":61}},"type":"cond-expr","locations":[{"start":{"line":83,"column":46},"end":{"line":83,"column":84}},{"start":{"line":84,"column":22},"end":{"line":84,"column":61}}],"line":83}},"s":{"0":1,"1":0,"2":0,"3":1,"4":0,"5":0,"6":1,"7":0,"8":0,"9":1,"10":1,"11":1,"12":1,"13":0,"14":1},"f":{"0":0,"1":0,"2":0,"3":0,"4":0,"5":0,"6":1,"7":0},"b":{"0":[0,0],"1":[0,0]},"_coverageSchema":"1a1c01bbd47fc00a2c39e90264f33305004495a9","hash":"fd0c4137ba14601091b35b0e6f600062c1178164"}
,"C:\\Users\\xeras\\OneDrive\\Bureau\\eip\\mobile-navigation-layers\\mobile-layers\\AppReactNativeTabs.js": {"path":"C:\\Users\\xeras\\OneDrive\\Bureau\\eip\\mobile-navigation-layers\\mobile-layers\\AppReactNativeTabs.js","statementMap":{"0":{"start":{"line":7,"column":2},"end":{"line":11,"column":4}},"1":{"start":{"line":15,"column":2},"end":{"line":19,"column":4}},"2":{"start":{"line":22,"column":12},"end":{"line":22,"column":38}},"3":{"start":{"line":25,"column":2},"end":{"line":37,"column":4}}},"fnMap":{"0":{"name":"HomeScreen","decl":{"start":{"line":6,"column":9},"end":{"line":6,"column":19}},"loc":{"start":{"line":6,"column":22},"end":{"line":12,"column":1}},"line":6},"1":{"name":"SettingsScreen","decl":{"start":{"line":14,"column":9},"end":{"line":14,"column":23}},"loc":{"start":{"line":14,"column":26},"end":{"line":20,"column":1}},"line":14},"2":{"name":"AppReactNativeTabs","decl":{"start":{"line":24,"column":24},"end":{"line":24,"column":42}},"loc":{"start":{"line":24,"column":45},"end":{"line":38,"column":1}},"line":24}},"branchMap":{},"s":{"0":3,"1":1,"2":1,"3":3},"f":{"0":3,"1":1,"2":3},"b":{},"_coverageSchema":"1a1c01bbd47fc00a2c39e90264f33305004495a9","hash":"ccff714ea11f6ac54995a3bb2ed458275247e616"}
,"C:\\Users\\xeras\\OneDrive\\Bureau\\eip\\mobile-navigation-layers\\mobile-layers\\AppReactNavigation.js": {"path":"C:\\Users\\xeras\\OneDrive\\Bureau\\eip\\mobile-navigation-layers\\mobile-layers\\AppReactNavigation.js","statementMap":{"0":{"start":{"line":6,"column":12},"end":{"line":6,"column":38}},"1":{"start":{"line":8,"column":19},"end":{"line":26,"column":1}},"2":{"start":{"line":9,"column":2},"end":{"line":25,"column":9}},"3":{"start":{"line":23,"column":32},"end":{"line":23,"column":56}},"4":{"start":{"line":28,"column":22},"end":{"line":46,"column":1}},"5":{"start":{"line":29,"column":2},"end":{"line":45,"column":9}},"6":{"start":{"line":43,"column":32},"end":{"line":43,"column":57}},"7":{"start":{"line":48,"column":23},"end":{"line":66,"column":1}},"8":{"start":{"line":49,"column":2},"end":{"line":65,"column":9}},"9":{"start":{"line":63,"column":32},"end":{"line":63,"column":60}},"10":{"start":{"line":69,"column":2},"end":{"line":109,"column":4}},"11":{"start":{"line":84,"column":16},"end":{"line":84,"column":117}},"12":{"start":{"line":93,"column":16},"end":{"line":93,"column":120}},"13":{"start":{"line":102,"column":16},"end":{"line":102,"column":121}},"14":{"start":{"line":112,"column":15},"end":{"line":162,"column":2}}},"fnMap":{"0":{"name":"(anonymous_0)","decl":{"start":{"line":8,"column":19},"end":{"line":8,"column":20}},"loc":{"start":{"line":9,"column":2},"end":{"line":25,"column":9}},"line":9},"1":{"name":"(anonymous_1)","decl":{"start":{"line":23,"column":18},"end":{"line":23,"column":19}},"loc":{"start":{"line":23,"column":32},"end":{"line":23,"column":56}},"line":23},"2":{"name":"(anonymous_2)","decl":{"start":{"line":28,"column":22},"end":{"line":28,"column":23}},"loc":{"start":{"line":29,"column":2},"end":{"line":45,"column":9}},"line":29},"3":{"name":"(anonymous_3)","decl":{"start":{"line":43,"column":18},"end":{"line":43,"column":19}},"loc":{"start":{"line":43,"column":32},"end":{"line":43,"column":57}},"line":43},"4":{"name":"(anonymous_4)","decl":{"start":{"line":48,"column":23},"end":{"line":48,"column":24}},"loc":{"start":{"line":49,"column":2},"end":{"line":65,"column":9}},"line":49},"5":{"name":"(anonymous_5)","decl":{"start":{"line":63,"column":18},"end":{"line":63,"column":19}},"loc":{"start":{"line":63,"column":32},"end":{"line":63,"column":60}},"line":63},"6":{"name":"AppReactNavigation","decl":{"start":{"line":68,"column":24},"end":{"line":68,"column":42}},"loc":{"start":{"line":68,"column":45},"end":{"line":110,"column":1}},"line":68},"7":{"name":"(anonymous_7)","decl":{"start":{"line":83,"column":26},"end":{"line":83,"column":27}},"loc":{"start":{"line":84,"column":16},"end":{"line":84,"column":117}},"line":84},"8":{"name":"(anonymous_8)","decl":{"start":{"line":92,"column":26},"end":{"line":92,"column":27}},"loc":{"start":{"line":93,"column":16},"end":{"line":93,"column":120}},"line":93},"9":{"name":"(anonymous_9)","decl":{"start":{"line":101,"column":26},"end":{"line":101,"column":27}},"loc":{"start":{"line":102,"column":16},"end":{"line":102,"column":121}},"line":102}},"branchMap":{},"s":{"0":1,"1":1,"2":7,"3":21,"4":1,"5":2,"6":6,"7":1,"8":2,"9":6,"10":7,"11":22,"12":22,"13":22,"14":1},"f":{"0":7,"1":21,"2":2,"3":6,"4":2,"5":6,"6":7,"7":22,"8":22,"9":22},"b":{},"_coverageSchema":"1a1c01bbd47fc00a2c39e90264f33305004495a9","hash":"14f076d7043d22ad8b2d38a96fbf3b9ce61ca776"}
}
