TN:
SF:App.js
FNF:0
FNH:0
LF:0
LH:0
BRF:0
BRH:0
end_of_record
TN:
SF:AppReactNativeBottomNav.js
FN:5,(anonymous_0)
FN:15,(anonymous_1)
FN:20,(anonymous_2)
FN:30,(anonymous_3)
FN:35,(anonymous_4)
FN:45,(anonymous_5)
FN:50,AppReactNativeBottomNav
FN:69,(anonymous_7)
FNF:8
FNH:0
FNDA:0,(anonymous_0)
FNDA:0,(anonymous_1)
FNDA:0,(anonymous_2)
FNDA:0,(anonymous_3)
FNDA:0,(anonymous_4)
FNDA:0,(anonymous_5)
FNDA:0,AppReactNativeBottomNav
FNDA:0,(anonymous_7)
DA:5,0
DA:6,0
DA:15,0
DA:20,0
DA:21,0
DA:30,0
DA:35,0
DA:36,0
DA:45,0
DA:51,0
DA:69,0
DA:70,0
DA:71,0
DA:75,0
DA:90,0
LF:15
LH:0
BRF:0
BRH:0
end_of_record
TN:
SF:AppReactNativePaper.js
FN:6,(anonymous_0)
FN:16,(anonymous_1)
FN:21,(anonymous_2)
FN:31,(anonymous_3)
FN:36,(anonymous_4)
FN:46,(anonymous_5)
FN:51,AppReactNativePaper
FN:76,(anonymous_7)
FNF:8
FNH:0
FNDA:0,(anonymous_0)
FNDA:0,(anonymous_1)
FNDA:0,(anonymous_2)
FNDA:0,(anonymous_3)
FNDA:0,(anonymous_4)
FNDA:0,(anonymous_5)
FNDA:0,AppReactNativePaper
FNDA:0,(anonymous_7)
DA:6,0
DA:7,0
DA:16,0
DA:21,0
DA:22,0
DA:31,0
DA:36,0
DA:37,0
DA:46,0
DA:52,0
DA:53,0
DA:59,0
DA:65,0
DA:77,0
DA:92,0
LF:15
LH:0
BRDA:79,0,0,0
BRDA:79,0,1,0
BRDA:80,1,0,0
BRDA:80,1,1,0
BRF:4
BRH:0
end_of_record
TN:
SF:AppReactNativeTabs.js
FN:6,HomeScreen
FN:14,SettingsScreen
FN:24,AppReactNativeTabs
FNF:3
FNH:0
FNDA:0,HomeScreen
FNDA:0,SettingsScreen
FNDA:0,AppReactNativeTabs
DA:7,0
DA:15,0
DA:22,0
DA:25,0
LF:4
LH:0
BRF:0
BRH:0
end_of_record
TN:
SF:AppReactNavigation.js
FN:8,(anonymous_0)
FN:18,(anonymous_1)
FN:23,(anonymous_2)
FN:37,(anonymous_3)
FN:42,(anonymous_4)
FN:52,(anonymous_5)
FN:57,AppReactNavigation
FN:72,(anonymous_7)
FN:81,(anonymous_8)
FN:90,(anonymous_9)
FNF:10
FNH:8
FNDA:5,(anonymous_0)
FNDA:15,(anonymous_1)
FNDA:1,(anonymous_2)
FNDA:3,(anonymous_3)
FNDA:0,(anonymous_4)
FNDA:0,(anonymous_5)
FNDA:5,AppReactNavigation
FNDA:12,(anonymous_7)
FNDA:12,(anonymous_8)
FNDA:12,(anonymous_9)
DA:6,1
DA:8,1
DA:9,5
DA:18,15
DA:23,1
DA:24,1
DA:37,3
DA:42,1
DA:43,0
DA:52,0
DA:58,5
DA:73,12
DA:82,12
DA:91,12
DA:101,1
LF:15
LH:13
BRF:0
BRH:0
end_of_record
