TN:
SF:App.js
FNF:0
FNH:0
LF:0
LH:0
BRF:0
BRH:0
end_of_record
TN:
SF:AppReactNativePaper.js
FN:6,(anonymous_0)
FN:17,(anonymous_1)
FN:22,(anonymous_2)
FN:33,(anonymous_3)
FN:38,(anonymous_4)
FN:49,(anonymous_5)
FN:54,AppReactNativePaper
FN:79,(anonymous_7)
FNF:8
FNH:1
FNDA:0,(anonymous_0)
FNDA:0,(anonymous_1)
FNDA:0,(anonymous_2)
FNDA:0,(anonymous_3)
FNDA:0,(anonymous_4)
FNDA:0,(anonymous_5)
FNDA:1,AppReactNativePaper
FNDA:0,(anonymous_7)
DA:6,1
DA:7,0
DA:17,0
DA:22,1
DA:23,0
DA:33,0
DA:38,1
DA:39,0
DA:49,0
DA:55,1
DA:56,1
DA:62,1
DA:68,1
DA:80,0
DA:95,1
LF:15
LH:8
BRDA:82,0,0,0
BRDA:82,0,1,0
BRDA:83,1,0,0
BRDA:83,1,1,0
BRF:4
BRH:0
end_of_record
TN:
SF:AppReactNativeTabs.js
FN:6,HomeScreen
FN:14,SettingsScreen
FN:24,AppReactNativeTabs
FNF:3
FNH:3
FNDA:3,HomeScreen
FNDA:1,SettingsScreen
FNDA:3,AppReactNativeTabs
DA:7,3
DA:15,1
DA:22,1
DA:25,3
LF:4
LH:4
BRF:0
BRH:0
end_of_record
TN:
SF:AppReactNavigation.js
FN:8,(anonymous_0)
FN:23,(anonymous_1)
FN:28,(anonymous_2)
FN:43,(anonymous_3)
FN:48,(anonymous_4)
FN:63,(anonymous_5)
FN:68,AppReactNavigation
FN:83,(anonymous_7)
FN:92,(anonymous_8)
FN:101,(anonymous_9)
FNF:10
FNH:10
FNDA:7,(anonymous_0)
FNDA:21,(anonymous_1)
FNDA:2,(anonymous_2)
FNDA:6,(anonymous_3)
FNDA:2,(anonymous_4)
FNDA:6,(anonymous_5)
FNDA:7,AppReactNavigation
FNDA:22,(anonymous_7)
FNDA:22,(anonymous_8)
FNDA:22,(anonymous_9)
DA:6,1
DA:8,1
DA:9,7
DA:23,21
DA:28,1
DA:29,2
DA:43,6
DA:48,1
DA:49,2
DA:63,6
DA:69,7
DA:84,22
DA:93,22
DA:102,22
DA:112,1
LF:15
LH:15
BRF:0
BRH:0
end_of_record
